{"/Users/dheovaniadityafashamuhammad/Documents/Hacktiv8/Phase 2/Week 3/NutriGuide AI/server/controllers/ai.js": {"path":"/Users/dheovaniadityafashamuhammad/Documents/Hacktiv8/Phase 2/Week 3/NutriGuide AI/server/controllers/ai.js","statementMap":{"0":{"start":{"line":1,"column":14},"end":{"line":1,"column":42}},"1":{"start":{"line":2,"column":20},"end":{"line":2,"column":53}},"2":{"start":{"line":6,"column":8},"end":{"line":72,"column":9}},"3":{"start":{"line":7,"column":58},"end":{"line":7,"column":66}},"4":{"start":{"line":9,"column":12},"end":{"line":11,"column":13}},"5":{"start":{"line":10,"column":16},"end":{"line":10,"column":101}},"6":{"start":{"line":13,"column":27},"end":{"line":35,"column":13}},"7":{"start":{"line":37,"column":27},"end":{"line":37,"column":62}},"8":{"start":{"line":38,"column":29},"end":{"line":38,"column":50}},"9":{"start":{"line":39,"column":23},"end":{"line":39,"column":38}},"10":{"start":{"line":41,"column":29},"end":{"line":41,"column":42}},"11":{"start":{"line":42,"column":26},"end":{"line":42,"column":47}},"12":{"start":{"line":43,"column":30},"end":{"line":43,"column":53}},"13":{"start":{"line":46,"column":12},"end":{"line":51,"column":13}},"14":{"start":{"line":47,"column":16},"end":{"line":47,"column":54}},"15":{"start":{"line":49,"column":16},"end":{"line":49,"column":52}},"16":{"start":{"line":50,"column":16},"end":{"line":50,"column":106}},"17":{"start":{"line":53,"column":29},"end":{"line":61,"column":14}},"18":{"start":{"line":63,"column":12},"end":{"line":66,"column":15}},"19":{"start":{"line":69,"column":12},"end":{"line":69,"column":48}},"20":{"start":{"line":70,"column":12},"end":{"line":70,"column":31}},"21":{"start":{"line":71,"column":12},"end":{"line":71,"column":24}},"22":{"start":{"line":77,"column":8},"end":{"line":102,"column":9}},"23":{"start":{"line":78,"column":32},"end":{"line":78,"column":40}},"24":{"start":{"line":80,"column":12},"end":{"line":82,"column":13}},"25":{"start":{"line":81,"column":16},"end":{"line":81,"column":77}},"26":{"start":{"line":84,"column":27},"end":{"line":88,"column":13}},"27":{"start":{"line":90,"column":27},"end":{"line":90,"column":62}},"28":{"start":{"line":91,"column":29},"end":{"line":91,"column":50}},"29":{"start":{"line":92,"column":26},"end":{"line":92,"column":41}},"30":{"start":{"line":94,"column":12},"end":{"line":96,"column":15}},"31":{"start":{"line":99,"column":12},"end":{"line":99,"column":46}},"32":{"start":{"line":100,"column":12},"end":{"line":100,"column":31}},"33":{"start":{"line":101,"column":12},"end":{"line":101,"column":24}},"34":{"start":{"line":109,"column":0},"end":{"line":109,"column":30}}},"fnMap":{"0":{"name":"(anonymous_0)","decl":{"start":{"line":5,"column":4},"end":{"line":5,"column":5}},"loc":{"start":{"line":5,"column":51},"end":{"line":73,"column":5}},"line":5},"1":{"name":"(anonymous_1)","decl":{"start":{"line":76,"column":4},"end":{"line":76,"column":5}},"loc":{"start":{"line":76,"column":44},"end":{"line":103,"column":5}},"line":76}},"branchMap":{"0":{"loc":{"start":{"line":9,"column":12},"end":{"line":11,"column":13}},"type":"if","locations":[{"start":{"line":9,"column":12},"end":{"line":11,"column":13}},{"start":{},"end":{}}],"line":9},"1":{"loc":{"start":{"line":9,"column":16},"end":{"line":9,"column":62}},"type":"binary-expr","locations":[{"start":{"line":9,"column":16},"end":{"line":9,"column":23}},{"start":{"line":9,"column":27},"end":{"line":9,"column":34}},{"start":{"line":9,"column":38},"end":{"line":9,"column":42}},{"start":{"line":9,"column":46},"end":{"line":9,"column":53}},{"start":{"line":9,"column":57},"end":{"line":9,"column":62}}],"line":9},"2":{"loc":{"start":{"line":43,"column":30},"end":{"line":43,"column":53}},"type":"cond-expr","locations":[{"start":{"line":43,"column":38},"end":{"line":43,"column":46}},{"start":{"line":43,"column":49},"end":{"line":43,"column":53}}],"line":43},"3":{"loc":{"start":{"line":59,"column":33},"end":{"line":59,"column":75}},"type":"binary-expr","locations":[{"start":{"line":59,"column":33},"end":{"line":59,"column":68}},{"start":{"line":59,"column":72},"end":{"line":59,"column":75}}],"line":59},"4":{"loc":{"start":{"line":80,"column":12},"end":{"line":82,"column":13}},"type":"if","locations":[{"start":{"line":80,"column":12},"end":{"line":82,"column":13}},{"start":{},"end":{}}],"line":80}},"s":{"0":5,"1":5,"2":1,"3":1,"4":1,"5":1,"6":0,"7":0,"8":0,"9":0,"10":0,"11":0,"12":0,"13":0,"14":0,"15":0,"16":0,"17":0,"18":0,"19":1,"20":1,"21":1,"22":1,"23":1,"24":1,"25":1,"26":0,"27":0,"28":0,"29":0,"30":0,"31":1,"32":1,"33":1,"34":5},"f":{"0":1,"1":1},"b":{"0":[1,0],"1":[1,1,0,0,0],"2":[0,0],"3":[0,0],"4":[1,0]},"_coverageSchema":"1a1c01bbd47fc00a2c39e90264f33305004495a9","hash":"a56d75689fbf86dc33295e6b5ec62e6b2f60f6b5"}
,"/Users/dheovaniadityafashamuhammad/Documents/Hacktiv8/Phase 2/Week 3/NutriGuide AI/server/controllers/favorites.js": {"path":"/Users/dheovaniadityafashamuhammad/Documents/Hacktiv8/Phase 2/Week 3/NutriGuide AI/server/controllers/favorites.js","statementMap":{"0":{"start":{"line":1,"column":29},"end":{"line":1,"column":49}},"1":{"start":{"line":5,"column":8},"end":{"line":32,"column":9}},"2":{"start":{"line":6,"column":60},"end":{"line":6,"column":68}},"3":{"start":{"line":7,"column":27},"end":{"line":7,"column":38}},"4":{"start":{"line":8,"column":12},"end":{"line":10,"column":13}},"5":{"start":{"line":9,"column":16},"end":{"line":9,"column":79}},"6":{"start":{"line":12,"column":39},"end":{"line":19,"column":14}},"7":{"start":{"line":21,"column":12},"end":{"line":23,"column":13}},"8":{"start":{"line":22,"column":16},"end":{"line":22,"column":85}},"9":{"start":{"line":25,"column":12},"end":{"line":28,"column":15}},"10":{"start":{"line":30,"column":12},"end":{"line":30,"column":57}},"11":{"start":{"line":31,"column":12},"end":{"line":31,"column":24}},"12":{"start":{"line":36,"column":8},"end":{"line":46,"column":9}},"13":{"start":{"line":37,"column":27},"end":{"line":37,"column":38}},"14":{"start":{"line":38,"column":30},"end":{"line":41,"column":14}},"15":{"start":{"line":43,"column":12},"end":{"line":43,"column":44}},"16":{"start":{"line":45,"column":12},"end":{"line":45,"column":24}},"17":{"start":{"line":50,"column":8},"end":{"line":69,"column":9}},"18":{"start":{"line":51,"column":27},"end":{"line":51,"column":37}},"19":{"start":{"line":52,"column":27},"end":{"line":52,"column":38}},"20":{"start":{"line":54,"column":29},"end":{"line":56,"column":14}},"21":{"start":{"line":58,"column":12},"end":{"line":60,"column":13}},"22":{"start":{"line":59,"column":16},"end":{"line":59,"column":81}},"23":{"start":{"line":62,"column":12},"end":{"line":62,"column":37}},"24":{"start":{"line":64,"column":12},"end":{"line":66,"column":15}},"25":{"start":{"line":68,"column":12},"end":{"line":68,"column":24}},"26":{"start":{"line":73,"column":0},"end":{"line":73,"column":36}}},"fnMap":{"0":{"name":"(anonymous_0)","decl":{"start":{"line":4,"column":4},"end":{"line":4,"column":5}},"loc":{"start":{"line":4,"column":45},"end":{"line":33,"column":5}},"line":4},"1":{"name":"(anonymous_1)","decl":{"start":{"line":35,"column":4},"end":{"line":35,"column":5}},"loc":{"start":{"line":35,"column":46},"end":{"line":47,"column":5}},"line":35},"2":{"name":"(anonymous_2)","decl":{"start":{"line":49,"column":4},"end":{"line":49,"column":5}},"loc":{"start":{"line":49,"column":48},"end":{"line":70,"column":5}},"line":49}},"branchMap":{"0":{"loc":{"start":{"line":8,"column":12},"end":{"line":10,"column":13}},"type":"if","locations":[{"start":{"line":8,"column":12},"end":{"line":10,"column":13}},{"start":{},"end":{}}],"line":8},"1":{"loc":{"start":{"line":15,"column":27},"end":{"line":15,"column":46}},"type":"binary-expr","locations":[{"start":{"line":15,"column":27},"end":{"line":15,"column":32}},{"start":{"line":15,"column":36},"end":{"line":15,"column":46}}],"line":15},"2":{"loc":{"start":{"line":16,"column":27},"end":{"line":16,"column":38}},"type":"binary-expr","locations":[{"start":{"line":16,"column":27},"end":{"line":16,"column":32}},{"start":{"line":16,"column":36},"end":{"line":16,"column":38}}],"line":16},"3":{"loc":{"start":{"line":17,"column":33},"end":{"line":17,"column":50}},"type":"binary-expr","locations":[{"start":{"line":17,"column":33},"end":{"line":17,"column":44}},{"start":{"line":17,"column":48},"end":{"line":17,"column":50}}],"line":17},"4":{"loc":{"start":{"line":21,"column":12},"end":{"line":23,"column":13}},"type":"if","locations":[{"start":{"line":21,"column":12},"end":{"line":23,"column":13}},{"start":{},"end":{}}],"line":21},"5":{"loc":{"start":{"line":58,"column":12},"end":{"line":60,"column":13}},"type":"if","locations":[{"start":{"line":58,"column":12},"end":{"line":60,"column":13}},{"start":{},"end":{}}],"line":58}},"s":{"0":5,"1":3,"2":3,"3":3,"4":3,"5":1,"6":2,"7":2,"8":1,"9":1,"10":2,"11":2,"12":2,"13":2,"14":2,"15":2,"16":0,"17":3,"18":3,"19":3,"20":3,"21":3,"22":2,"23":1,"24":1,"25":2,"26":5},"f":{"0":3,"1":2,"2":3},"b":{"0":[1,2],"1":[2,0],"2":[2,1],"3":[2,2],"4":[1,1],"5":[2,1]},"_coverageSchema":"1a1c01bbd47fc00a2c39e90264f33305004495a9","hash":"6cb1e4884df1e61fd6ac8ad919e8d9413ad73766"}
,"/Users/dheovaniadityafashamuhammad/Documents/Hacktiv8/Phase 2/Week 3/NutriGuide AI/server/controllers/mealPlans.js": {"path":"/Users/dheovaniadityafashamuhammad/Documents/Hacktiv8/Phase 2/Week 3/NutriGuide AI/server/controllers/mealPlans.js","statementMap":{"0":{"start":{"line":1,"column":21},"end":{"line":1,"column":41}},"1":{"start":{"line":5,"column":8},"end":{"line":26,"column":9}},"2":{"start":{"line":6,"column":50},"end":{"line":6,"column":58}},"3":{"start":{"line":7,"column":27},"end":{"line":7,"column":38}},"4":{"start":{"line":9,"column":12},"end":{"line":11,"column":13}},"5":{"start":{"line":10,"column":16},"end":{"line":10,"column":101}},"6":{"start":{"line":13,"column":32},"end":{"line":18,"column":14}},"7":{"start":{"line":20,"column":12},"end":{"line":23,"column":15}},"8":{"start":{"line":25,"column":12},"end":{"line":25,"column":24}},"9":{"start":{"line":30,"column":8},"end":{"line":40,"column":9}},"10":{"start":{"line":31,"column":27},"end":{"line":31,"column":38}},"11":{"start":{"line":32,"column":26},"end":{"line":35,"column":14}},"12":{"start":{"line":37,"column":12},"end":{"line":37,"column":40}},"13":{"start":{"line":39,"column":12},"end":{"line":39,"column":24}},"14":{"start":{"line":44,"column":8},"end":{"line":58,"column":9}},"15":{"start":{"line":45,"column":27},"end":{"line":45,"column":37}},"16":{"start":{"line":46,"column":27},"end":{"line":46,"column":38}},"17":{"start":{"line":48,"column":25},"end":{"line":48,"column":82}},"18":{"start":{"line":50,"column":12},"end":{"line":52,"column":13}},"19":{"start":{"line":51,"column":16},"end":{"line":51,"column":75}},"20":{"start":{"line":54,"column":12},"end":{"line":54,"column":33}},"21":{"start":{"line":55,"column":12},"end":{"line":55,"column":80}},"22":{"start":{"line":57,"column":12},"end":{"line":57,"column":24}},"23":{"start":{"line":62,"column":0},"end":{"line":62,"column":36}}},"fnMap":{"0":{"name":"(anonymous_0)","decl":{"start":{"line":4,"column":4},"end":{"line":4,"column":5}},"loc":{"start":{"line":4,"column":48},"end":{"line":27,"column":5}},"line":4},"1":{"name":"(anonymous_1)","decl":{"start":{"line":29,"column":4},"end":{"line":29,"column":5}},"loc":{"start":{"line":29,"column":49},"end":{"line":41,"column":5}},"line":29},"2":{"name":"(anonymous_2)","decl":{"start":{"line":43,"column":4},"end":{"line":43,"column":5}},"loc":{"start":{"line":43,"column":48},"end":{"line":59,"column":5}},"line":43}},"branchMap":{"0":{"loc":{"start":{"line":9,"column":12},"end":{"line":11,"column":13}},"type":"if","locations":[{"start":{"line":9,"column":12},"end":{"line":11,"column":13}},{"start":{},"end":{}}],"line":9},"1":{"loc":{"start":{"line":9,"column":16},"end":{"line":9,"column":48}},"type":"binary-expr","locations":[{"start":{"line":9,"column":16},"end":{"line":9,"column":25}},{"start":{"line":9,"column":29},"end":{"line":9,"column":34}},{"start":{"line":9,"column":38},"end":{"line":9,"column":48}}],"line":9},"2":{"loc":{"start":{"line":50,"column":12},"end":{"line":52,"column":13}},"type":"if","locations":[{"start":{"line":50,"column":12},"end":{"line":52,"column":13}},{"start":{},"end":{}}],"line":50}},"s":{"0":5,"1":4,"2":4,"3":4,"4":4,"5":3,"6":1,"7":1,"8":3,"9":2,"10":2,"11":2,"12":2,"13":0,"14":3,"15":3,"16":3,"17":3,"18":3,"19":2,"20":1,"21":1,"22":2,"23":5},"f":{"0":4,"1":2,"2":3},"b":{"0":[3,1],"1":[4,3,2],"2":[2,1]},"_coverageSchema":"1a1c01bbd47fc00a2c39e90264f33305004495a9","hash":"d516ba11e5e11c5fffb043bdda64169a472a0fd6"}
,"/Users/dheovaniadityafashamuhammad/Documents/Hacktiv8/Phase 2/Week 3/NutriGuide AI/server/controllers/recipe.js": {"path":"/Users/dheovaniadityafashamuhammad/Documents/Hacktiv8/Phase 2/Week 3/NutriGuide AI/server/controllers/recipe.js","statementMap":{"0":{"start":{"line":1,"column":20},"end":{"line":1,"column":53}},"1":{"start":{"line":5,"column":8},"end":{"line":24,"column":9}},"2":{"start":{"line":6,"column":45},"end":{"line":6,"column":54}},"3":{"start":{"line":8,"column":29},"end":{"line":17,"column":14}},"4":{"start":{"line":20,"column":12},"end":{"line":20,"column":56}},"5":{"start":{"line":22,"column":12},"end":{"line":22,"column":59}},"6":{"start":{"line":23,"column":12},"end":{"line":23,"column":24}},"7":{"start":{"line":30,"column":8},"end":{"line":43,"column":9}},"8":{"start":{"line":31,"column":27},"end":{"line":31,"column":37}},"9":{"start":{"line":33,"column":29},"end":{"line":37,"column":14}},"10":{"start":{"line":39,"column":12},"end":{"line":39,"column":48}},"11":{"start":{"line":41,"column":12},"end":{"line":41,"column":58}},"12":{"start":{"line":42,"column":12},"end":{"line":42,"column":24}},"13":{"start":{"line":48,"column":0},"end":{"line":48,"column":34}}},"fnMap":{"0":{"name":"(anonymous_0)","decl":{"start":{"line":4,"column":4},"end":{"line":4,"column":5}},"loc":{"start":{"line":4,"column":47},"end":{"line":25,"column":5}},"line":4},"1":{"name":"(anonymous_1)","decl":{"start":{"line":29,"column":4},"end":{"line":29,"column":5}},"loc":{"start":{"line":29,"column":46},"end":{"line":44,"column":5}},"line":29}},"branchMap":{"0":{"loc":{"start":{"line":10,"column":27},"end":{"line":10,"column":38}},"type":"binary-expr","locations":[{"start":{"line":10,"column":27},"end":{"line":10,"column":32}},{"start":{"line":10,"column":36},"end":{"line":10,"column":38}}],"line":10}},"s":{"0":5,"1":2,"2":2,"3":2,"4":2,"5":0,"6":0,"7":2,"8":2,"9":2,"10":2,"11":0,"12":0,"13":5},"f":{"0":2,"1":2},"b":{"0":[2,0]},"_coverageSchema":"1a1c01bbd47fc00a2c39e90264f33305004495a9","hash":"e7b090ce6c9acae034d555b1c62283ed8252034f"}
,"/Users/dheovaniadityafashamuhammad/Documents/Hacktiv8/Phase 2/Week 3/NutriGuide AI/server/controllers/user.js": {"path":"/Users/dheovaniadityafashamuhammad/Documents/Hacktiv8/Phase 2/Week 3/NutriGuide AI/server/controllers/user.js","statementMap":{"0":{"start":{"line":1,"column":28},"end":{"line":1,"column":56}},"1":{"start":{"line":2,"column":17},"end":{"line":2,"column":37}},"2":{"start":{"line":3,"column":22},"end":{"line":3,"column":47}},"3":{"start":{"line":7,"column":8},"end":{"line":26,"column":9}},"4":{"start":{"line":8,"column":50},"end":{"line":8,"column":58}},"5":{"start":{"line":10,"column":28},"end":{"line":14,"column":14}},"6":{"start":{"line":16,"column":12},"end":{"line":23,"column":15}},"7":{"start":{"line":25,"column":12},"end":{"line":25,"column":24}},"8":{"start":{"line":30,"column":8},"end":{"line":58,"column":9}},"9":{"start":{"line":31,"column":40},"end":{"line":31,"column":48}},"10":{"start":{"line":33,"column":12},"end":{"line":35,"column":13}},"11":{"start":{"line":34,"column":16},"end":{"line":34,"column":75}},"12":{"start":{"line":37,"column":12},"end":{"line":39,"column":13}},"13":{"start":{"line":38,"column":16},"end":{"line":38,"column":78}},"14":{"start":{"line":42,"column":25},"end":{"line":42,"column":65}},"15":{"start":{"line":44,"column":12},"end":{"line":45,"column":85}},"16":{"start":{"line":45,"column":16},"end":{"line":45,"column":85}},"17":{"start":{"line":47,"column":36},"end":{"line":47,"column":76}},"18":{"start":{"line":48,"column":12},"end":{"line":49,"column":85}},"19":{"start":{"line":49,"column":16},"end":{"line":49,"column":85}},"20":{"start":{"line":51,"column":32},"end":{"line":51,"column":77}},"21":{"start":{"line":53,"column":12},"end":{"line":53,"column":49}},"22":{"start":{"line":55,"column":12},"end":{"line":55,"column":31}},"23":{"start":{"line":56,"column":12},"end":{"line":56,"column":24}},"24":{"start":{"line":63,"column":8},"end":{"line":74,"column":9}},"25":{"start":{"line":65,"column":23},"end":{"line":67,"column":12}},"26":{"start":{"line":69,"column":10},"end":{"line":69,"column":75}},"27":{"start":{"line":69,"column":21},"end":{"line":69,"column":75}},"28":{"start":{"line":71,"column":10},"end":{"line":71,"column":37}},"29":{"start":{"line":73,"column":10},"end":{"line":73,"column":22}},"30":{"start":{"line":80,"column":8},"end":{"line":104,"column":9}},"31":{"start":{"line":81,"column":53},"end":{"line":81,"column":61}},"32":{"start":{"line":83,"column":25},"end":{"line":83,"column":57}},"33":{"start":{"line":84,"column":12},"end":{"line":84,"column":77}},"34":{"start":{"line":84,"column":23},"end":{"line":84,"column":77}},"35":{"start":{"line":86,"column":12},"end":{"line":91,"column":15}},"36":{"start":{"line":93,"column":12},"end":{"line":101,"column":15}},"37":{"start":{"line":103,"column":12},"end":{"line":103,"column":24}},"38":{"start":{"line":112,"column":0},"end":{"line":112,"column":32}}},"fnMap":{"0":{"name":"(anonymous_0)","decl":{"start":{"line":6,"column":4},"end":{"line":6,"column":5}},"loc":{"start":{"line":6,"column":42},"end":{"line":27,"column":5}},"line":6},"1":{"name":"(anonymous_1)","decl":{"start":{"line":29,"column":4},"end":{"line":29,"column":5}},"loc":{"start":{"line":29,"column":40},"end":{"line":59,"column":5}},"line":29},"2":{"name":"(anonymous_2)","decl":{"start":{"line":62,"column":4},"end":{"line":62,"column":5}},"loc":{"start":{"line":62,"column":45},"end":{"line":75,"column":7}},"line":62},"3":{"name":"(anonymous_3)","decl":{"start":{"line":79,"column":6},"end":{"line":79,"column":7}},"loc":{"start":{"line":79,"column":49},"end":{"line":105,"column":5}},"line":79}},"branchMap":{"0":{"loc":{"start":{"line":33,"column":12},"end":{"line":35,"column":13}},"type":"if","locations":[{"start":{"line":33,"column":12},"end":{"line":35,"column":13}},{"start":{},"end":{}}],"line":33},"1":{"loc":{"start":{"line":37,"column":12},"end":{"line":39,"column":13}},"type":"if","locations":[{"start":{"line":37,"column":12},"end":{"line":39,"column":13}},{"start":{},"end":{}}],"line":37},"2":{"loc":{"start":{"line":44,"column":12},"end":{"line":45,"column":85}},"type":"if","locations":[{"start":{"line":44,"column":12},"end":{"line":45,"column":85}},{"start":{},"end":{}}],"line":44},"3":{"loc":{"start":{"line":48,"column":12},"end":{"line":49,"column":85}},"type":"if","locations":[{"start":{"line":48,"column":12},"end":{"line":49,"column":85}},{"start":{},"end":{}}],"line":48},"4":{"loc":{"start":{"line":69,"column":10},"end":{"line":69,"column":75}},"type":"if","locations":[{"start":{"line":69,"column":10},"end":{"line":69,"column":75}},{"start":{},"end":{}}],"line":69},"5":{"loc":{"start":{"line":84,"column":12},"end":{"line":84,"column":77}},"type":"if","locations":[{"start":{"line":84,"column":12},"end":{"line":84,"column":77}},{"start":{},"end":{}}],"line":84}},"s":{"0":5,"1":5,"2":5,"3":6,"4":6,"5":6,"6":1,"7":5,"8":5,"9":5,"10":5,"11":1,"12":4,"13":1,"14":3,"15":3,"16":1,"17":2,"18":2,"19":1,"20":1,"21":1,"22":4,"23":4,"24":1,"25":1,"26":1,"27":0,"28":1,"29":0,"30":1,"31":1,"32":1,"33":1,"34":0,"35":1,"36":1,"37":0,"38":5},"f":{"0":6,"1":5,"2":1,"3":1},"b":{"0":[1,4],"1":[1,3],"2":[1,2],"3":[1,1],"4":[0,1],"5":[0,1]},"_coverageSchema":"1a1c01bbd47fc00a2c39e90264f33305004495a9","hash":"37f0891529f759a5431aba67416fa7b6a12a875a"}
,"/Users/dheovaniadityafashamuhammad/Documents/Hacktiv8/Phase 2/Week 3/NutriGuide AI/server/helpers/bcrypt.js": {"path":"/Users/dheovaniadityafashamuhammad/Documents/Hacktiv8/Phase 2/Week 3/NutriGuide AI/server/helpers/bcrypt.js","statementMap":{"0":{"start":{"line":1,"column":15},"end":{"line":1,"column":34}},"1":{"start":{"line":3,"column":21},"end":{"line":6,"column":1}},"2":{"start":{"line":4,"column":17},"end":{"line":4,"column":39}},"3":{"start":{"line":5,"column":4},"end":{"line":5,"column":43}},"4":{"start":{"line":8,"column":24},"end":{"line":10,"column":1}},"5":{"start":{"line":9,"column":4},"end":{"line":9,"column":56}},"6":{"start":{"line":12,"column":0},"end":{"line":15,"column":1}}},"fnMap":{"0":{"name":"(anonymous_0)","decl":{"start":{"line":3,"column":21},"end":{"line":3,"column":22}},"loc":{"start":{"line":3,"column":35},"end":{"line":6,"column":1}},"line":3},"1":{"name":"(anonymous_1)","decl":{"start":{"line":8,"column":24},"end":{"line":8,"column":25}},"loc":{"start":{"line":8,"column":54},"end":{"line":10,"column":1}},"line":8}},"branchMap":{},"s":{"0":5,"1":5,"2":45,"3":45,"4":5,"5":2,"6":5},"f":{"0":45,"1":2},"b":{},"_coverageSchema":"1a1c01bbd47fc00a2c39e90264f33305004495a9","hash":"af651ce3024c1a607a47bf1efea6f60a4835af6a"}
,"/Users/dheovaniadityafashamuhammad/Documents/Hacktiv8/Phase 2/Week 3/NutriGuide AI/server/helpers/gemini.js": {"path":"/Users/dheovaniadityafashamuhammad/Documents/Hacktiv8/Phase 2/Week 3/NutriGuide AI/server/helpers/gemini.js","statementMap":{"0":{"start":{"line":1,"column":31},"end":{"line":1,"column":63}},"1":{"start":{"line":4,"column":14},"end":{"line":4,"column":64}},"2":{"start":{"line":6,"column":14},"end":{"line":8,"column":2}},"3":{"start":{"line":10,"column":0},"end":{"line":10,"column":23}}},"fnMap":{},"branchMap":{},"s":{"0":5,"1":5,"2":5,"3":5},"f":{},"b":{},"_coverageSchema":"1a1c01bbd47fc00a2c39e90264f33305004495a9","hash":"966e1b24301df72e0edfae0fbf9521c755271cf4"}
,"/Users/dheovaniadityafashamuhammad/Documents/Hacktiv8/Phase 2/Week 3/NutriGuide AI/server/helpers/jwt.js": {"path":"/Users/dheovaniadityafashamuhammad/Documents/Hacktiv8/Phase 2/Week 3/NutriGuide AI/server/helpers/jwt.js","statementMap":{"0":{"start":{"line":1,"column":12},"end":{"line":1,"column":35}},"1":{"start":{"line":3,"column":19},"end":{"line":3,"column":41}},"2":{"start":{"line":5,"column":18},"end":{"line":7,"column":1}},"3":{"start":{"line":6,"column":4},"end":{"line":6,"column":41}},"4":{"start":{"line":9,"column":20},"end":{"line":11,"column":5}},"5":{"start":{"line":10,"column":8},"end":{"line":10,"column":45}},"6":{"start":{"line":13,"column":0},"end":{"line":16,"column":1}}},"fnMap":{"0":{"name":"(anonymous_0)","decl":{"start":{"line":5,"column":18},"end":{"line":5,"column":19}},"loc":{"start":{"line":5,"column":31},"end":{"line":7,"column":1}},"line":5},"1":{"name":"(anonymous_1)","decl":{"start":{"line":9,"column":20},"end":{"line":9,"column":21}},"loc":{"start":{"line":9,"column":31},"end":{"line":11,"column":5}},"line":9}},"branchMap":{},"s":{"0":5,"1":5,"2":5,"3":39,"4":5,"5":46,"6":5},"f":{"0":39,"1":46},"b":{},"_coverageSchema":"1a1c01bbd47fc00a2c39e90264f33305004495a9","hash":"5ba8a1f68541ab0178c1baaab1b437ed189e83b2"}
,"/Users/dheovaniadityafashamuhammad/Documents/Hacktiv8/Phase 2/Week 3/NutriGuide AI/server/helpers/spoonacular.js": {"path":"/Users/dheovaniadityafashamuhammad/Documents/Hacktiv8/Phase 2/Week 3/NutriGuide AI/server/helpers/spoonacular.js","statementMap":{"0":{"start":{"line":1,"column":14},"end":{"line":1,"column":30}},"1":{"start":{"line":3,"column":20},"end":{"line":8,"column":2}},"2":{"start":{"line":10,"column":0},"end":{"line":10,"column":29}}},"fnMap":{},"branchMap":{},"s":{"0":5,"1":5,"2":5},"f":{},"b":{},"_coverageSchema":"1a1c01bbd47fc00a2c39e90264f33305004495a9","hash":"0dafaa3b2a93f6d003669889317d041e70fc591e"}
,"/Users/dheovaniadityafashamuhammad/Documents/Hacktiv8/Phase 2/Week 3/NutriGuide AI/server/helpers/unsplash.js": {"path":"/Users/dheovaniadityafashamuhammad/Documents/Hacktiv8/Phase 2/Week 3/NutriGuide AI/server/helpers/unsplash.js","statementMap":{"0":{"start":{"line":1,"column":14},"end":{"line":1,"column":30}},"1":{"start":{"line":3,"column":17},"end":{"line":8,"column":2}},"2":{"start":{"line":10,"column":0},"end":{"line":10,"column":26}}},"fnMap":{},"branchMap":{},"s":{"0":0,"1":0,"2":0},"f":{},"b":{}}
,"/Users/dheovaniadityafashamuhammad/Documents/Hacktiv8/Phase 2/Week 3/NutriGuide AI/server/middlewares/authentication.js": {"path":"/Users/dheovaniadityafashamuhammad/Documents/Hacktiv8/Phase 2/Week 3/NutriGuide AI/server/middlewares/authentication.js","statementMap":{"0":{"start":{"line":1,"column":24},"end":{"line":1,"column":49}},"1":{"start":{"line":2,"column":17},"end":{"line":2,"column":37}},"2":{"start":{"line":4,"column":0},"end":{"line":37,"column":1}},"3":{"start":{"line":5,"column":4},"end":{"line":36,"column":5}},"4":{"start":{"line":6,"column":34},"end":{"line":6,"column":45}},"5":{"start":{"line":8,"column":8},"end":{"line":10,"column":9}},"6":{"start":{"line":9,"column":12},"end":{"line":9,"column":74}},"7":{"start":{"line":12,"column":25},"end":{"line":12,"column":49}},"8":{"start":{"line":13,"column":26},"end":{"line":13,"column":37}},"9":{"start":{"line":14,"column":27},"end":{"line":14,"column":38}},"10":{"start":{"line":16,"column":8},"end":{"line":18,"column":9}},"11":{"start":{"line":17,"column":12},"end":{"line":17,"column":69}},"12":{"start":{"line":20,"column":24},"end":{"line":20,"column":47}},"13":{"start":{"line":22,"column":21},"end":{"line":22,"column":52}},"14":{"start":{"line":23,"column":8},"end":{"line":25,"column":9}},"15":{"start":{"line":24,"column":12},"end":{"line":24,"column":69}},"16":{"start":{"line":27,"column":8},"end":{"line":31,"column":10}},"17":{"start":{"line":33,"column":8},"end":{"line":33,"column":15}},"18":{"start":{"line":35,"column":8},"end":{"line":35,"column":19}}},"fnMap":{"0":{"name":"authMiddleware","decl":{"start":{"line":4,"column":32},"end":{"line":4,"column":46}},"loc":{"start":{"line":4,"column":63},"end":{"line":37,"column":1}},"line":4}},"branchMap":{"0":{"loc":{"start":{"line":8,"column":8},"end":{"line":10,"column":9}},"type":"if","locations":[{"start":{"line":8,"column":8},"end":{"line":10,"column":9}},{"start":{},"end":{}}],"line":8},"1":{"loc":{"start":{"line":16,"column":8},"end":{"line":18,"column":9}},"type":"if","locations":[{"start":{"line":16,"column":8},"end":{"line":18,"column":9}},{"start":{},"end":{}}],"line":16},"2":{"loc":{"start":{"line":16,"column":12},"end":{"line":16,"column":49}},"type":"binary-expr","locations":[{"start":{"line":16,"column":12},"end":{"line":16,"column":34}},{"start":{"line":16,"column":38},"end":{"line":16,"column":49}}],"line":16},"3":{"loc":{"start":{"line":23,"column":8},"end":{"line":25,"column":9}},"type":"if","locations":[{"start":{"line":23,"column":8},"end":{"line":25,"column":9}},{"start":{},"end":{}}],"line":23}},"s":{"0":5,"1":5,"2":5,"3":56,"4":56,"5":56,"6":10,"7":46,"8":46,"9":46,"10":46,"11":0,"12":46,"13":45,"14":45,"15":1,"16":44,"17":44,"18":12},"f":{"0":56},"b":{"0":[10,46],"1":[0,46],"2":[46,46],"3":[1,44]},"_coverageSchema":"1a1c01bbd47fc00a2c39e90264f33305004495a9","hash":"368acf39d35f90f89c872ac5b7b6562260eab391"}
,"/Users/dheovaniadityafashamuhammad/Documents/Hacktiv8/Phase 2/Week 3/NutriGuide AI/server/middlewares/errorHandler.js": {"path":"/Users/dheovaniadityafashamuhammad/Documents/Hacktiv8/Phase 2/Week 3/NutriGuide AI/server/middlewares/errorHandler.js","statementMap":{"0":{"start":{"line":1,"column":0},"end":{"line":29,"column":2}},"1":{"start":{"line":2,"column":4},"end":{"line":2,"column":23}},"2":{"start":{"line":4,"column":17},"end":{"line":4,"column":20}},"3":{"start":{"line":5,"column":18},"end":{"line":5,"column":41}},"4":{"start":{"line":7,"column":4},"end":{"line":26,"column":5}},"5":{"start":{"line":8,"column":8},"end":{"line":8,"column":21}},"6":{"start":{"line":10,"column":8},"end":{"line":10,"column":42}},"7":{"start":{"line":11,"column":11},"end":{"line":26,"column":5}},"8":{"start":{"line":12,"column":8},"end":{"line":12,"column":21}},"9":{"start":{"line":13,"column":8},"end":{"line":13,"column":87}},"10":{"start":{"line":14,"column":11},"end":{"line":26,"column":5}},"11":{"start":{"line":15,"column":8},"end":{"line":15,"column":21}},"12":{"start":{"line":16,"column":8},"end":{"line":16,"column":32}},"13":{"start":{"line":17,"column":11},"end":{"line":26,"column":5}},"14":{"start":{"line":18,"column":8},"end":{"line":18,"column":21}},"15":{"start":{"line":19,"column":8},"end":{"line":19,"column":32}},"16":{"start":{"line":20,"column":11},"end":{"line":26,"column":5}},"17":{"start":{"line":21,"column":8},"end":{"line":21,"column":21}},"18":{"start":{"line":22,"column":8},"end":{"line":22,"column":32}},"19":{"start":{"line":23,"column":11},"end":{"line":26,"column":5}},"20":{"start":{"line":24,"column":8},"end":{"line":24,"column":47}},"21":{"start":{"line":25,"column":8},"end":{"line":25,"column":92}},"22":{"start":{"line":28,"column":4},"end":{"line":28,"column":41}}},"fnMap":{"0":{"name":"errorHandler","decl":{"start":{"line":1,"column":26},"end":{"line":1,"column":38}},"loc":{"start":{"line":1,"column":62},"end":{"line":29,"column":1}},"line":1}},"branchMap":{"0":{"loc":{"start":{"line":7,"column":4},"end":{"line":26,"column":5}},"type":"if","locations":[{"start":{"line":7,"column":4},"end":{"line":26,"column":5}},{"start":{"line":11,"column":11},"end":{"line":26,"column":5}}],"line":7},"1":{"loc":{"start":{"line":7,"column":8},"end":{"line":7,"column":100}},"type":"binary-expr","locations":[{"start":{"line":7,"column":8},"end":{"line":7,"column":49}},{"start":{"line":7,"column":53},"end":{"line":7,"column":100}}],"line":7},"2":{"loc":{"start":{"line":11,"column":11},"end":{"line":26,"column":5}},"type":"if","locations":[{"start":{"line":11,"column":11},"end":{"line":26,"column":5}},{"start":{"line":14,"column":11},"end":{"line":26,"column":5}}],"line":11},"3":{"loc":{"start":{"line":11,"column":15},"end":{"line":11,"column":82}},"type":"binary-expr","locations":[{"start":{"line":11,"column":15},"end":{"line":11,"column":44}},{"start":{"line":11,"column":48},"end":{"line":11,"column":82}}],"line":11},"4":{"loc":{"start":{"line":13,"column":18},"end":{"line":13,"column":86}},"type":"cond-expr","locations":[{"start":{"line":13,"column":55},"end":{"line":13,"column":70}},{"start":{"line":13,"column":73},"end":{"line":13,"column":86}}],"line":13},"5":{"loc":{"start":{"line":14,"column":11},"end":{"line":26,"column":5}},"type":"if","locations":[{"start":{"line":14,"column":11},"end":{"line":26,"column":5}},{"start":{"line":17,"column":11},"end":{"line":26,"column":5}}],"line":14},"6":{"loc":{"start":{"line":17,"column":11},"end":{"line":26,"column":5}},"type":"if","locations":[{"start":{"line":17,"column":11},"end":{"line":26,"column":5}},{"start":{"line":20,"column":11},"end":{"line":26,"column":5}}],"line":17},"7":{"loc":{"start":{"line":20,"column":11},"end":{"line":26,"column":5}},"type":"if","locations":[{"start":{"line":20,"column":11},"end":{"line":26,"column":5}},{"start":{"line":23,"column":11},"end":{"line":26,"column":5}}],"line":20},"8":{"loc":{"start":{"line":23,"column":11},"end":{"line":26,"column":5}},"type":"if","locations":[{"start":{"line":23,"column":11},"end":{"line":26,"column":5}},{"start":{},"end":{}}],"line":23},"9":{"loc":{"start":{"line":24,"column":17},"end":{"line":24,"column":46}},"type":"binary-expr","locations":[{"start":{"line":24,"column":17},"end":{"line":24,"column":39}},{"start":{"line":24,"column":43},"end":{"line":24,"column":46}}],"line":24},"10":{"loc":{"start":{"line":25,"column":36},"end":{"line":25,"column":89}},"type":"binary-expr","locations":[{"start":{"line":25,"column":36},"end":{"line":25,"column":65}},{"start":{"line":25,"column":69},"end":{"line":25,"column":89}}],"line":25}},"s":{"0":5,"1":32,"2":32,"3":32,"4":32,"5":5,"6":5,"7":27,"8":14,"9":14,"10":13,"11":4,"12":4,"13":9,"14":0,"15":0,"16":9,"17":9,"18":9,"19":0,"20":0,"21":0,"22":32},"f":{"0":32},"b":{"0":[5,27],"1":[32,28],"2":[14,13],"3":[27,14],"4":[1,13],"5":[4,9],"6":[0,9],"7":[9,0],"8":[0,0],"9":[0,0],"10":[0,0]},"_coverageSchema":"1a1c01bbd47fc00a2c39e90264f33305004495a9","hash":"801f428f390168da4974395d0d4a4b24b8678ce7"}
,"/Users/dheovaniadityafashamuhammad/Documents/Hacktiv8/Phase 2/Week 3/NutriGuide AI/server/models/favorite.js": {"path":"/Users/dheovaniadityafashamuhammad/Documents/Hacktiv8/Phase 2/Week 3/NutriGuide AI/server/models/favorite.js","statementMap":{"0":{"start":{"line":4,"column":4},"end":{"line":4,"column":24}},"1":{"start":{"line":5,"column":0},"end":{"line":35,"column":2}},"2":{"start":{"line":13,"column":6},"end":{"line":13,"column":64}},"3":{"start":{"line":17,"column":2},"end":{"line":33,"column":5}},"4":{"start":{"line":34,"column":2},"end":{"line":34,"column":18}}},"fnMap":{"0":{"name":"(anonymous_0)","decl":{"start":{"line":5,"column":17},"end":{"line":5,"column":18}},"loc":{"start":{"line":5,"column":43},"end":{"line":35,"column":1}},"line":5},"1":{"name":"(anonymous_1)","decl":{"start":{"line":12,"column":4},"end":{"line":12,"column":5}},"loc":{"start":{"line":12,"column":29},"end":{"line":15,"column":5}},"line":12}},"branchMap":{},"s":{"0":5,"1":5,"2":5,"3":5,"4":5},"f":{"0":5,"1":5},"b":{},"_coverageSchema":"1a1c01bbd47fc00a2c39e90264f33305004495a9","hash":"2d1657bc66a39b631065a02e7fb3a45842c5a51d"}
,"/Users/dheovaniadityafashamuhammad/Documents/Hacktiv8/Phase 2/Week 3/NutriGuide AI/server/models/index.js": {"path":"/Users/dheovaniadityafashamuhammad/Documents/Hacktiv8/Phase 2/Week 3/NutriGuide AI/server/models/index.js","statementMap":{"0":{"start":{"line":3,"column":11},"end":{"line":3,"column":24}},"1":{"start":{"line":4,"column":13},"end":{"line":4,"column":28}},"2":{"start":{"line":5,"column":18},"end":{"line":5,"column":38}},"3":{"start":{"line":6,"column":16},"end":{"line":6,"column":34}},"4":{"start":{"line":7,"column":17},"end":{"line":7,"column":42}},"5":{"start":{"line":8,"column":12},"end":{"line":8,"column":49}},"6":{"start":{"line":9,"column":15},"end":{"line":9,"column":65}},"7":{"start":{"line":10,"column":11},"end":{"line":10,"column":13}},"8":{"start":{"line":13,"column":0},"end":{"line":17,"column":1}},"9":{"start":{"line":14,"column":2},"end":{"line":14,"column":74}},"10":{"start":{"line":16,"column":2},"end":{"line":16,"column":87}},"11":{"start":{"line":19,"column":0},"end":{"line":32,"column":5}},"12":{"start":{"line":22,"column":4},"end":{"line":27,"column":6}},"13":{"start":{"line":30,"column":18},"end":{"line":30,"column":85}},"14":{"start":{"line":31,"column":4},"end":{"line":31,"column":27}},"15":{"start":{"line":34,"column":0},"end":{"line":38,"column":3}},"16":{"start":{"line":35,"column":2},"end":{"line":37,"column":3}},"17":{"start":{"line":36,"column":4},"end":{"line":36,"column":32}},"18":{"start":{"line":40,"column":0},"end":{"line":40,"column":25}},"19":{"start":{"line":41,"column":0},"end":{"line":41,"column":25}},"20":{"start":{"line":43,"column":0},"end":{"line":43,"column":20}}},"fnMap":{"0":{"name":"(anonymous_0)","decl":{"start":{"line":21,"column":10},"end":{"line":21,"column":11}},"loc":{"start":{"line":21,"column":18},"end":{"line":28,"column":3}},"line":21},"1":{"name":"(anonymous_1)","decl":{"start":{"line":29,"column":11},"end":{"line":29,"column":12}},"loc":{"start":{"line":29,"column":19},"end":{"line":32,"column":3}},"line":29},"2":{"name":"(anonymous_2)","decl":{"start":{"line":34,"column":24},"end":{"line":34,"column":25}},"loc":{"start":{"line":34,"column":37},"end":{"line":38,"column":1}},"line":34}},"branchMap":{"0":{"loc":{"start":{"line":8,"column":12},"end":{"line":8,"column":49}},"type":"binary-expr","locations":[{"start":{"line":8,"column":12},"end":{"line":8,"column":32}},{"start":{"line":8,"column":36},"end":{"line":8,"column":49}}],"line":8},"1":{"loc":{"start":{"line":13,"column":0},"end":{"line":17,"column":1}},"type":"if","locations":[{"start":{"line":13,"column":0},"end":{"line":17,"column":1}},{"start":{"line":15,"column":7},"end":{"line":17,"column":1}}],"line":13},"2":{"loc":{"start":{"line":23,"column":6},"end":{"line":26,"column":37}},"type":"binary-expr","locations":[{"start":{"line":23,"column":6},"end":{"line":23,"column":29}},{"start":{"line":24,"column":6},"end":{"line":24,"column":23}},{"start":{"line":25,"column":6},"end":{"line":25,"column":30}},{"start":{"line":26,"column":6},"end":{"line":26,"column":37}}],"line":23},"3":{"loc":{"start":{"line":35,"column":2},"end":{"line":37,"column":3}},"type":"if","locations":[{"start":{"line":35,"column":2},"end":{"line":37,"column":3}},{"start":{},"end":{}}],"line":35}},"s":{"0":5,"1":5,"2":5,"3":5,"4":5,"5":5,"6":5,"7":5,"8":5,"9":0,"10":5,"11":5,"12":25,"13":20,"14":20,"15":5,"16":20,"17":20,"18":5,"19":5,"20":5},"f":{"0":25,"1":20,"2":20},"b":{"0":[5,0],"1":[0,5],"2":[25,25,20,20],"3":[20,0]},"_coverageSchema":"1a1c01bbd47fc00a2c39e90264f33305004495a9","hash":"fba4a7bcbee672c91aee9e598cf5a59011d58c9b"}
,"/Users/dheovaniadityafashamuhammad/Documents/Hacktiv8/Phase 2/Week 3/NutriGuide AI/server/models/mealplan.js": {"path":"/Users/dheovaniadityafashamuhammad/Documents/Hacktiv8/Phase 2/Week 3/NutriGuide AI/server/models/mealplan.js","statementMap":{"0":{"start":{"line":4,"column":4},"end":{"line":4,"column":24}},"1":{"start":{"line":5,"column":0},"end":{"line":40,"column":2}},"2":{"start":{"line":13,"column":6},"end":{"line":13,"column":64}},"3":{"start":{"line":17,"column":2},"end":{"line":38,"column":5}},"4":{"start":{"line":39,"column":2},"end":{"line":39,"column":18}}},"fnMap":{"0":{"name":"(anonymous_0)","decl":{"start":{"line":5,"column":17},"end":{"line":5,"column":18}},"loc":{"start":{"line":5,"column":43},"end":{"line":40,"column":1}},"line":5},"1":{"name":"(anonymous_1)","decl":{"start":{"line":12,"column":4},"end":{"line":12,"column":5}},"loc":{"start":{"line":12,"column":29},"end":{"line":15,"column":5}},"line":12}},"branchMap":{},"s":{"0":5,"1":5,"2":5,"3":5,"4":5},"f":{"0":5,"1":5},"b":{},"_coverageSchema":"1a1c01bbd47fc00a2c39e90264f33305004495a9","hash":"1bd3f4480a04f3347aa3688f6d417e1053333008"}
,"/Users/dheovaniadityafashamuhammad/Documents/Hacktiv8/Phase 2/Week 3/NutriGuide AI/server/models/recipe.js": {"path":"/Users/dheovaniadityafashamuhammad/Documents/Hacktiv8/Phase 2/Week 3/NutriGuide AI/server/models/recipe.js","statementMap":{"0":{"start":{"line":4,"column":4},"end":{"line":4,"column":24}},"1":{"start":{"line":5,"column":0},"end":{"line":43,"column":2}},"2":{"start":{"line":19,"column":2},"end":{"line":41,"column":5}},"3":{"start":{"line":42,"column":2},"end":{"line":42,"column":16}}},"fnMap":{"0":{"name":"(anonymous_0)","decl":{"start":{"line":5,"column":17},"end":{"line":5,"column":18}},"loc":{"start":{"line":5,"column":43},"end":{"line":43,"column":1}},"line":5},"1":{"name":"(anonymous_1)","decl":{"start":{"line":12,"column":4},"end":{"line":12,"column":5}},"loc":{"start":{"line":12,"column":29},"end":{"line":17,"column":5}},"line":12}},"branchMap":{},"s":{"0":5,"1":5,"2":5,"3":5},"f":{"0":5,"1":5},"b":{},"_coverageSchema":"1a1c01bbd47fc00a2c39e90264f33305004495a9","hash":"05cbdcd07263b6a4979803cb582d7680f97f9e01"}
,"/Users/dheovaniadityafashamuhammad/Documents/Hacktiv8/Phase 2/Week 3/NutriGuide AI/server/models/user.js": {"path":"/Users/dheovaniadityafashamuhammad/Documents/Hacktiv8/Phase 2/Week 3/NutriGuide AI/server/models/user.js","statementMap":{"0":{"start":{"line":4,"column":4},"end":{"line":4,"column":24}},"1":{"start":{"line":5,"column":25},"end":{"line":5,"column":53}},"2":{"start":{"line":6,"column":0},"end":{"line":143,"column":2}},"3":{"start":{"line":14,"column":6},"end":{"line":14,"column":62}},"4":{"start":{"line":15,"column":6},"end":{"line":15,"column":62}},"5":{"start":{"line":20,"column":2},"end":{"line":138,"column":5}},"6":{"start":{"line":139,"column":2},"end":{"line":141,"column":4}},"7":{"start":{"line":140,"column":4},"end":{"line":140,"column":48}},"8":{"start":{"line":142,"column":2},"end":{"line":142,"column":14}}},"fnMap":{"0":{"name":"(anonymous_0)","decl":{"start":{"line":6,"column":17},"end":{"line":6,"column":18}},"loc":{"start":{"line":6,"column":43},"end":{"line":143,"column":1}},"line":6},"1":{"name":"(anonymous_1)","decl":{"start":{"line":13,"column":4},"end":{"line":13,"column":5}},"loc":{"start":{"line":13,"column":29},"end":{"line":18,"column":5}},"line":13},"2":{"name":"(anonymous_2)","decl":{"start":{"line":139,"column":20},"end":{"line":139,"column":21}},"loc":{"start":{"line":139,"column":30},"end":{"line":141,"column":3}},"line":139}},"branchMap":{},"s":{"0":5,"1":5,"2":5,"3":5,"4":5,"5":5,"6":5,"7":45,"8":5},"f":{"0":5,"1":5,"2":45},"b":{},"_coverageSchema":"1a1c01bbd47fc00a2c39e90264f33305004495a9","hash":"884ac561e79723a4a348cbcd2756c5e34881cc8f"}
,"/Users/dheovaniadityafashamuhammad/Documents/Hacktiv8/Phase 2/Week 3/NutriGuide AI/server/routes/ai.js": {"path":"/Users/dheovaniadityafashamuhammad/Documents/Hacktiv8/Phase 2/Week 3/NutriGuide AI/server/routes/ai.js","statementMap":{"0":{"start":{"line":1,"column":16},"end":{"line":1,"column":34}},"1":{"start":{"line":2,"column":21},"end":{"line":2,"column":49}},"2":{"start":{"line":3,"column":15},"end":{"line":3,"column":31}},"3":{"start":{"line":29,"column":0},"end":{"line":29,"column":63}},"4":{"start":{"line":52,"column":0},"end":{"line":52,"column":46}},"5":{"start":{"line":54,"column":0},"end":{"line":54,"column":24}}},"fnMap":{},"branchMap":{},"s":{"0":5,"1":5,"2":5,"3":5,"4":5,"5":5},"f":{},"b":{},"_coverageSchema":"1a1c01bbd47fc00a2c39e90264f33305004495a9","hash":"a463ceaaaafb7e8a847b9428594f7fdeac5a6ab9"}
,"/Users/dheovaniadityafashamuhammad/Documents/Hacktiv8/Phase 2/Week 3/NutriGuide AI/server/routes/favorite.js": {"path":"/Users/dheovaniadityafashamuhammad/Documents/Hacktiv8/Phase 2/Week 3/NutriGuide AI/server/routes/favorite.js","statementMap":{"0":{"start":{"line":1,"column":16},"end":{"line":1,"column":34}},"1":{"start":{"line":2,"column":27},"end":{"line":2,"column":62}},"2":{"start":{"line":3,"column":15},"end":{"line":3,"column":31}},"3":{"start":{"line":7,"column":0},"end":{"line":7,"column":48}},"4":{"start":{"line":8,"column":0},"end":{"line":8,"column":48}},"5":{"start":{"line":9,"column":0},"end":{"line":9,"column":56}},"6":{"start":{"line":12,"column":0},"end":{"line":12,"column":24}}},"fnMap":{},"branchMap":{},"s":{"0":5,"1":5,"2":5,"3":5,"4":5,"5":5,"6":5},"f":{},"b":{},"_coverageSchema":"1a1c01bbd47fc00a2c39e90264f33305004495a9","hash":"1116d43d5004ebd3dd9a301ffcfcdbf5e4d8763a"}
,"/Users/dheovaniadityafashamuhammad/Documents/Hacktiv8/Phase 2/Week 3/NutriGuide AI/server/routes/index.js": {"path":"/Users/dheovaniadityafashamuhammad/Documents/Hacktiv8/Phase 2/Week 3/NutriGuide AI/server/routes/index.js","statementMap":{"0":{"start":{"line":1,"column":16},"end":{"line":1,"column":34}},"1":{"start":{"line":2,"column":15},"end":{"line":2,"column":31}},"2":{"start":{"line":3,"column":19},"end":{"line":3,"column":36}},"3":{"start":{"line":4,"column":21},"end":{"line":4,"column":40}},"4":{"start":{"line":5,"column":23},"end":{"line":5,"column":44}},"5":{"start":{"line":6,"column":23},"end":{"line":6,"column":44}},"6":{"start":{"line":7,"column":17},"end":{"line":7,"column":32}},"7":{"start":{"line":10,"column":23},"end":{"line":10,"column":63}},"8":{"start":{"line":11,"column":21},"end":{"line":11,"column":59}},"9":{"start":{"line":12,"column":25},"end":{"line":12,"column":57}},"10":{"start":{"line":28,"column":0},"end":{"line":28,"column":59}},"11":{"start":{"line":45,"column":0},"end":{"line":45,"column":62}},"12":{"start":{"line":48,"column":0},"end":{"line":48,"column":28}},"13":{"start":{"line":52,"column":0},"end":{"line":52,"column":27}},"14":{"start":{"line":54,"column":0},"end":{"line":54,"column":37}},"15":{"start":{"line":55,"column":0},"end":{"line":55,"column":41}},"16":{"start":{"line":56,"column":0},"end":{"line":56,"column":41}},"17":{"start":{"line":57,"column":0},"end":{"line":57,"column":28}},"18":{"start":{"line":60,"column":0},"end":{"line":60,"column":25}},"19":{"start":{"line":62,"column":0},"end":{"line":62,"column":24}}},"fnMap":{},"branchMap":{},"s":{"0":5,"1":5,"2":5,"3":5,"4":5,"5":5,"6":5,"7":5,"8":5,"9":5,"10":5,"11":5,"12":5,"13":5,"14":5,"15":5,"16":5,"17":5,"18":5,"19":5},"f":{},"b":{},"_coverageSchema":"1a1c01bbd47fc00a2c39e90264f33305004495a9","hash":"4242dfebbb33f7d7eaca90605b2da5659f962fcc"}
,"/Users/dheovaniadityafashamuhammad/Documents/Hacktiv8/Phase 2/Week 3/NutriGuide AI/server/routes/mealPlan.js": {"path":"/Users/dheovaniadityafashamuhammad/Documents/Hacktiv8/Phase 2/Week 3/NutriGuide AI/server/routes/mealPlan.js","statementMap":{"0":{"start":{"line":1,"column":16},"end":{"line":1,"column":34}},"1":{"start":{"line":2,"column":27},"end":{"line":2,"column":62}},"2":{"start":{"line":3,"column":15},"end":{"line":3,"column":31}},"3":{"start":{"line":28,"column":0},"end":{"line":28,"column":52}},"4":{"start":{"line":42,"column":0},"end":{"line":42,"column":52}},"5":{"start":{"line":61,"column":0},"end":{"line":61,"column":57}},"6":{"start":{"line":63,"column":0},"end":{"line":63,"column":24}}},"fnMap":{},"branchMap":{},"s":{"0":5,"1":5,"2":5,"3":5,"4":5,"5":5,"6":5},"f":{},"b":{},"_coverageSchema":"1a1c01bbd47fc00a2c39e90264f33305004495a9","hash":"e3a5d981d4d471b0c7b2eed10a32d35bbf0e61c9"}
,"/Users/dheovaniadityafashamuhammad/Documents/Hacktiv8/Phase 2/Week 3/NutriGuide AI/server/routes/recipe.js": {"path":"/Users/dheovaniadityafashamuhammad/Documents/Hacktiv8/Phase 2/Week 3/NutriGuide AI/server/routes/recipe.js","statementMap":{"0":{"start":{"line":1,"column":16},"end":{"line":1,"column":34}},"1":{"start":{"line":2,"column":25},"end":{"line":2,"column":57}},"2":{"start":{"line":3,"column":15},"end":{"line":3,"column":31}},"3":{"start":{"line":8,"column":0},"end":{"line":8,"column":47}},"4":{"start":{"line":9,"column":0},"end":{"line":9,"column":49}},"5":{"start":{"line":13,"column":0},"end":{"line":13,"column":24}}},"fnMap":{},"branchMap":{},"s":{"0":5,"1":5,"2":5,"3":5,"4":5,"5":5},"f":{},"b":{},"_coverageSchema":"1a1c01bbd47fc00a2c39e90264f33305004495a9","hash":"0debdf8d8f2df305a581ffdf059fd8f6452223dd"}
,"/Users/dheovaniadityafashamuhammad/Documents/Hacktiv8/Phase 2/Week 3/NutriGuide AI/server/routes/user.js": {"path":"/Users/dheovaniadityafashamuhammad/Documents/Hacktiv8/Phase 2/Week 3/NutriGuide AI/server/routes/user.js","statementMap":{"0":{"start":{"line":1,"column":16},"end":{"line":1,"column":34}},"1":{"start":{"line":2,"column":23},"end":{"line":2,"column":53}},"2":{"start":{"line":3,"column":15},"end":{"line":3,"column":31}},"3":{"start":{"line":4,"column":23},"end":{"line":4,"column":63}},"4":{"start":{"line":8,"column":0},"end":{"line":8,"column":49}},"5":{"start":{"line":9,"column":0},"end":{"line":9,"column":43}},"6":{"start":{"line":11,"column":0},"end":{"line":11,"column":26}},"7":{"start":{"line":12,"column":0},"end":{"line":12,"column":51}},"8":{"start":{"line":13,"column":0},"end":{"line":13,"column":53}},"9":{"start":{"line":16,"column":0},"end":{"line":16,"column":24}}},"fnMap":{},"branchMap":{},"s":{"0":5,"1":5,"2":5,"3":5,"4":5,"5":5,"6":5,"7":5,"8":5,"9":5},"f":{},"b":{},"_coverageSchema":"1a1c01bbd47fc00a2c39e90264f33305004495a9","hash":"12da2e4590b9135629a572971d9378deb065ba5f"}
}
