TN:
SF:controllers/ai.js
FN:5,(anonymous_0)
FN:76,(anonymous_1)
FNF:2
FNH:2
FNDA:1,(anonymous_0)
FNDA:1,(anonymous_1)
DA:1,5
DA:2,5
DA:6,1
DA:7,1
DA:9,1
DA:10,1
DA:13,0
DA:37,0
DA:38,0
DA:39,0
DA:41,0
DA:42,0
DA:43,0
DA:46,0
DA:47,0
DA:49,0
DA:50,0
DA:53,0
DA:63,0
DA:69,1
DA:70,1
DA:71,1
DA:77,1
DA:78,1
DA:80,1
DA:81,1
DA:84,0
DA:90,0
DA:91,0
DA:92,0
DA:94,0
DA:99,1
DA:100,1
DA:101,1
DA:109,5
LF:35
LH:17
BRDA:9,0,0,1
BRDA:9,0,1,0
BRDA:9,1,0,1
BRDA:9,1,1,1
BRDA:9,1,2,0
BRDA:9,1,3,0
BRDA:9,1,4,0
BRDA:43,2,0,0
BRDA:43,2,1,0
BRDA:59,3,0,0
BRDA:59,3,1,0
BRDA:80,4,0,1
BRDA:80,4,1,0
BRF:13
BRH:4
end_of_record
TN:
SF:controllers/favorites.js
FN:4,(anonymous_0)
FN:35,(anonymous_1)
FN:49,(anonymous_2)
FNF:3
FNH:3
FNDA:3,(anonymous_0)
FNDA:2,(anonymous_1)
FNDA:3,(anonymous_2)
DA:1,5
DA:5,3
DA:6,3
DA:7,3
DA:8,3
DA:9,1
DA:12,2
DA:21,2
DA:22,1
DA:25,1
DA:30,2
DA:31,2
DA:36,2
DA:37,2
DA:38,2
DA:43,2
DA:45,0
DA:50,3
DA:51,3
DA:52,3
DA:54,3
DA:58,3
DA:59,2
DA:62,1
DA:64,1
DA:68,2
DA:73,5
LF:27
LH:26
BRDA:8,0,0,1
BRDA:8,0,1,2
BRDA:15,1,0,2
BRDA:15,1,1,0
BRDA:16,2,0,2
BRDA:16,2,1,1
BRDA:17,3,0,2
BRDA:17,3,1,2
BRDA:21,4,0,1
BRDA:21,4,1,1
BRDA:58,5,0,2
BRDA:58,5,1,1
BRF:12
BRH:11
end_of_record
TN:
SF:controllers/mealPlans.js
FN:4,(anonymous_0)
FN:29,(anonymous_1)
FN:43,(anonymous_2)
FNF:3
FNH:3
FNDA:4,(anonymous_0)
FNDA:2,(anonymous_1)
FNDA:3,(anonymous_2)
DA:1,5
DA:5,4
DA:6,4
DA:7,4
DA:9,4
DA:10,3
DA:13,1
DA:20,1
DA:25,3
DA:30,2
DA:31,2
DA:32,2
DA:37,2
DA:39,0
DA:44,3
DA:45,3
DA:46,3
DA:48,3
DA:50,3
DA:51,2
DA:54,1
DA:55,1
DA:57,2
DA:62,5
LF:24
LH:23
BRDA:9,0,0,3
BRDA:9,0,1,1
BRDA:9,1,0,4
BRDA:9,1,1,3
BRDA:9,1,2,2
BRDA:50,2,0,2
BRDA:50,2,1,1
BRF:7
BRH:7
end_of_record
TN:
SF:controllers/recipe.js
FN:4,(anonymous_0)
FN:29,(anonymous_1)
FNF:2
FNH:2
FNDA:2,(anonymous_0)
FNDA:2,(anonymous_1)
DA:1,5
DA:5,2
DA:6,2
DA:8,2
DA:20,2
DA:22,0
DA:23,0
DA:30,2
DA:31,2
DA:33,2
DA:39,2
DA:41,0
DA:42,0
DA:48,5
LF:14
LH:10
BRDA:10,0,0,2
BRDA:10,0,1,0
BRF:2
BRH:1
end_of_record
TN:
SF:controllers/user.js
FN:6,(anonymous_0)
FN:29,(anonymous_1)
FN:62,(anonymous_2)
FN:79,(anonymous_3)
FNF:4
FNH:4
FNDA:6,(anonymous_0)
FNDA:5,(anonymous_1)
FNDA:1,(anonymous_2)
FNDA:1,(anonymous_3)
DA:1,5
DA:2,5
DA:3,5
DA:7,6
DA:8,6
DA:10,6
DA:16,1
DA:25,5
DA:30,5
DA:31,5
DA:33,5
DA:34,1
DA:37,4
DA:38,1
DA:42,3
DA:44,3
DA:45,1
DA:47,2
DA:48,2
DA:49,1
DA:51,1
DA:53,1
DA:55,4
DA:56,4
DA:63,1
DA:65,1
DA:69,1
DA:71,1
DA:73,0
DA:80,1
DA:81,1
DA:83,1
DA:84,1
DA:86,1
DA:93,1
DA:103,0
DA:112,5
LF:37
LH:35
BRDA:33,0,0,1
BRDA:33,0,1,4
BRDA:37,1,0,1
BRDA:37,1,1,3
BRDA:44,2,0,1
BRDA:44,2,1,2
BRDA:48,3,0,1
BRDA:48,3,1,1
BRDA:69,4,0,0
BRDA:69,4,1,1
BRDA:84,5,0,0
BRDA:84,5,1,1
BRF:12
BRH:10
end_of_record
TN:
SF:helpers/bcrypt.js
FN:3,(anonymous_0)
FN:8,(anonymous_1)
FNF:2
FNH:2
FNDA:45,(anonymous_0)
FNDA:2,(anonymous_1)
DA:1,5
DA:3,5
DA:4,45
DA:5,45
DA:8,5
DA:9,2
DA:12,5
LF:7
LH:7
BRF:0
BRH:0
end_of_record
TN:
SF:helpers/gemini.js
FNF:0
FNH:0
DA:1,5
DA:4,5
DA:6,5
DA:10,5
LF:4
LH:4
BRF:0
BRH:0
end_of_record
TN:
SF:helpers/jwt.js
FN:5,(anonymous_0)
FN:9,(anonymous_1)
FNF:2
FNH:2
FNDA:39,(anonymous_0)
FNDA:46,(anonymous_1)
DA:1,5
DA:3,5
DA:5,5
DA:6,39
DA:9,5
DA:10,46
DA:13,5
LF:7
LH:7
BRF:0
BRH:0
end_of_record
TN:
SF:helpers/spoonacular.js
FNF:0
FNH:0
DA:1,5
DA:3,5
DA:10,5
LF:3
LH:3
BRF:0
BRH:0
end_of_record
TN:
SF:helpers/unsplash.js
FNF:0
FNH:0
DA:1,0
DA:3,0
DA:10,0
LF:3
LH:0
BRF:0
BRH:0
end_of_record
TN:
SF:middlewares/authentication.js
FN:4,authMiddleware
FNF:1
FNH:1
FNDA:56,authMiddleware
DA:1,5
DA:2,5
DA:4,5
DA:5,56
DA:6,56
DA:8,56
DA:9,10
DA:12,46
DA:13,46
DA:14,46
DA:16,46
DA:17,0
DA:20,46
DA:22,45
DA:23,45
DA:24,1
DA:27,44
DA:33,44
DA:35,12
LF:19
LH:18
BRDA:8,0,0,10
BRDA:8,0,1,46
BRDA:16,1,0,0
BRDA:16,1,1,46
BRDA:16,2,0,46
BRDA:16,2,1,46
BRDA:23,3,0,1
BRDA:23,3,1,44
BRF:8
BRH:7
end_of_record
TN:
SF:middlewares/errorHandler.js
FN:1,errorHandler
FNF:1
FNH:1
FNDA:32,errorHandler
DA:1,5
DA:2,32
DA:4,32
DA:5,32
DA:7,32
DA:8,5
DA:10,5
DA:11,27
DA:12,14
DA:13,14
DA:14,13
DA:15,4
DA:16,4
DA:17,9
DA:18,0
DA:19,0
DA:20,9
DA:21,9
DA:22,9
DA:23,0
DA:24,0
DA:25,0
DA:28,32
LF:23
LH:18
BRDA:7,0,0,5
BRDA:7,0,1,27
BRDA:7,1,0,32
BRDA:7,1,1,28
BRDA:11,2,0,14
BRDA:11,2,1,13
BRDA:11,3,0,27
BRDA:11,3,1,14
BRDA:13,4,0,1
BRDA:13,4,1,13
BRDA:14,5,0,4
BRDA:14,5,1,9
BRDA:17,6,0,0
BRDA:17,6,1,9
BRDA:20,7,0,9
BRDA:20,7,1,0
BRDA:23,8,0,0
BRDA:23,8,1,0
BRDA:24,9,0,0
BRDA:24,9,1,0
BRDA:25,10,0,0
BRDA:25,10,1,0
BRF:22
BRH:14
end_of_record
TN:
SF:models/favorite.js
FN:5,(anonymous_0)
FN:12,(anonymous_1)
FNF:2
FNH:2
FNDA:5,(anonymous_0)
FNDA:5,(anonymous_1)
DA:4,5
DA:5,5
DA:13,5
DA:17,5
DA:34,5
LF:5
LH:5
BRF:0
BRH:0
end_of_record
TN:
SF:models/index.js
FN:21,(anonymous_0)
FN:29,(anonymous_1)
FN:34,(anonymous_2)
FNF:3
FNH:3
FNDA:25,(anonymous_0)
FNDA:20,(anonymous_1)
FNDA:20,(anonymous_2)
DA:3,5
DA:4,5
DA:5,5
DA:6,5
DA:7,5
DA:8,5
DA:9,5
DA:10,5
DA:13,5
DA:14,0
DA:16,5
DA:19,5
DA:22,25
DA:30,20
DA:31,20
DA:34,5
DA:35,20
DA:36,20
DA:40,5
DA:41,5
DA:43,5
LF:21
LH:20
BRDA:8,0,0,5
BRDA:8,0,1,0
BRDA:13,1,0,0
BRDA:13,1,1,5
BRDA:23,2,0,25
BRDA:23,2,1,25
BRDA:23,2,2,20
BRDA:23,2,3,20
BRDA:35,3,0,20
BRDA:35,3,1,0
BRF:10
BRH:7
end_of_record
TN:
SF:models/mealplan.js
FN:5,(anonymous_0)
FN:12,(anonymous_1)
FNF:2
FNH:2
FNDA:5,(anonymous_0)
FNDA:5,(anonymous_1)
DA:4,5
DA:5,5
DA:13,5
DA:17,5
DA:39,5
LF:5
LH:5
BRF:0
BRH:0
end_of_record
TN:
SF:models/recipe.js
FN:5,(anonymous_0)
FN:12,(anonymous_1)
FNF:2
FNH:2
FNDA:5,(anonymous_0)
FNDA:5,(anonymous_1)
DA:4,5
DA:5,5
DA:19,5
DA:42,5
LF:4
LH:4
BRF:0
BRH:0
end_of_record
TN:
SF:models/user.js
FN:6,(anonymous_0)
FN:13,(anonymous_1)
FN:139,(anonymous_2)
FNF:3
FNH:3
FNDA:5,(anonymous_0)
FNDA:5,(anonymous_1)
FNDA:45,(anonymous_2)
DA:4,5
DA:5,5
DA:6,5
DA:14,5
DA:15,5
DA:20,5
DA:139,5
DA:140,45
DA:142,5
LF:9
LH:9
BRF:0
BRH:0
end_of_record
TN:
SF:routes/ai.js
FNF:0
FNH:0
DA:1,5
DA:2,5
DA:3,5
DA:29,5
DA:52,5
DA:54,5
LF:6
LH:6
BRF:0
BRH:0
end_of_record
TN:
SF:routes/favorite.js
FNF:0
FNH:0
DA:1,5
DA:2,5
DA:3,5
DA:7,5
DA:8,5
DA:9,5
DA:12,5
LF:7
LH:7
BRF:0
BRH:0
end_of_record
TN:
SF:routes/index.js
FNF:0
FNH:0
DA:1,5
DA:2,5
DA:3,5
DA:4,5
DA:5,5
DA:6,5
DA:7,5
DA:10,5
DA:11,5
DA:12,5
DA:28,5
DA:45,5
DA:48,5
DA:52,5
DA:54,5
DA:55,5
DA:56,5
DA:57,5
DA:60,5
DA:62,5
LF:20
LH:20
BRF:0
BRH:0
end_of_record
TN:
SF:routes/mealPlan.js
FNF:0
FNH:0
DA:1,5
DA:2,5
DA:3,5
DA:28,5
DA:42,5
DA:61,5
DA:63,5
LF:7
LH:7
BRF:0
BRH:0
end_of_record
TN:
SF:routes/recipe.js
FNF:0
FNH:0
DA:1,5
DA:2,5
DA:3,5
DA:8,5
DA:9,5
DA:13,5
LF:6
LH:6
BRF:0
BRH:0
end_of_record
TN:
SF:routes/user.js
FNF:0
FNH:0
DA:1,5
DA:2,5
DA:3,5
DA:4,5
DA:8,5
DA:9,5
DA:11,5
DA:12,5
DA:13,5
DA:16,5
LF:10
LH:10
BRF:0
BRH:0
end_of_record
